build/app/outputs/mapping/release/mapping.txt
# compiler: R8
# compiler_version: 1.5.64
# min_api: 21
# pg_map_id: 3edca8f
com.example.bits_group_chat_app.MainActivity -> com.example.bits_group_chat_app.MainActivity:
    void configureFlutterEngine(io.flutter.embedding.engine.FlutterEngine) -> b
...
androidx.loader.app.LoaderManagerImpl$LoaderViewModel -> a.e.a.b$c:
    androidx.lifecycle.ViewModelProvider$Factory FACTORY -> c
    androidx.collection.SparseArrayCompat mLoaders -> b
    void dump(java.lang.String,java.io.FileDescriptor,java.io.PrintWriter,java.lang.String[]) -> a
    androidx.loader.app.LoaderManagerImpl$LoaderViewModel getInstance(androidx.lifecycle.ViewModelStore) -> a
    void onCleared() -> b
    void markForRedelivery() -> c
androidx.loader.app.LoaderManagerImpl$LoaderViewModel$1 -> a.e.a.b$c$a:
    androidx.lifecycle.ViewModel create(java.lang.Class) -> a
androidx.loader.content.Loader -> a.e.b.a:
    boolean cancelLoad() -> a
    void dump(java.lang.String,java.io.FileDescriptor,java.io.PrintWriter,java.lang.String[]) -> a
    void reset() -> b
    void startLoading() -> c
    void stopLoading() -> d
androidx.loader.content.Loader$OnLoadCompleteListener -> a.e.b.a$a:
androidx.localbroadcastmanager.content.LocalBroadcastManager -> a.f.a.a:
    android.content.Context mAppContext -> a
    android.os.Handler mHandler -> e
    androidx.localbroadcastmanager.content.LocalBroadcastManager mInstance -> g
    java.lang.Object mLock -> f
    java.util.HashMap mReceivers -> b
    java.util.ArrayList mPendingBroadcasts -> d
    java.util.HashMap mActions -> c
    void executePendingBroadcasts() -> a
    androidx.localbroadcastmanager.content.LocalBroadcastManager getInstance(android.content.Context) -> a
    boolean sendBroadcast(android.content.Intent) -> a
androidx.localbroadcastmanager.content.LocalBroadcastManager$1 -> a.f.a.a$a:
    androidx.localbroadcastmanager.content.LocalBroadcastManager this$0 -> a
androidx.localbroadcastmanager.content.LocalBroadcastManager$BroadcastRecord -> a.f.a.a$b:
    android.content.Intent intent -> a
    java.util.ArrayList receivers -> b
androidx.localbroadcastmanager.content.LocalBroadcastManager$ReceiverRecord -> a.f.a.a$c:
    android.content.IntentFilter filter -> a
    android.content.BroadcastReceiver receiver -> b
    boolean broadcasting -> c
    boolean dead -> d
androidx.savedstate.Recreator -> androidx.savedstate.Recreator:
    androidx.savedstate.SavedStateRegistryOwner mOwner -> a
    void onStateChanged(androidx.lifecycle.LifecycleOwner,androidx.lifecycle.Lifecycle$Event) -> a
    void reflectiveNew(java.lang.String) -> a
androidx.savedstate.SavedStateRegistry -> androidx.savedstate.SavedStateRegistry:
    android.os.Bundle mRestoredState -> b
    androidx.arch.core.internal.SafeIterableMap mComponents -> a
    boolean mRestored -> c
    boolean mAllowingSavingState -> d
    android.os.Bundle consumeRestoredStateForKey(java.lang.String) -> a
    void performRestore(androidx.lifecycle.Lifecycle,android.os.Bundle) -> a
    void performSave(android.os.Bundle) -> a
androidx.savedstate.SavedStateRegistry$1 -> androidx.savedstate.SavedStateRegistry$1:
    androidx.savedstate.SavedStateRegistry this$0 -> a
    void onStateChanged(androidx.lifecycle.LifecycleOwner,androidx.lifecycle.Lifecycle$Event) -> a
androidx.savedstate.SavedStateRegistry$AutoRecreated -> androidx.savedstate.SavedStateRegistry$a:
    void onRecreated(androidx.savedstate.SavedStateRegistryOwner) -> a
androidx.savedstate.SavedStateRegistry$SavedStateProvider -> androidx.savedstate.SavedStateRegistry$b:
    android.os.Bundle saveState() -> a
androidx.savedstate.SavedStateRegistryController -> androidx.savedstate.a:
    androidx.savedstate.SavedStateRegistryOwner mOwner -> a
    androidx.savedstate.SavedStateRegistry mRegistry -> b
    androidx.savedstate.SavedStateRegistryController create(androidx.savedstate.SavedStateRegistryOwner) -> a
    androidx.savedstate.SavedStateRegistry getSavedStateRegistry() -> a
    void performRestore(android.os.Bundle) -> a
    void performSave(android.os.Bundle) -> b
androidx.savedstate.SavedStateRegistryOwner -> androidx.savedstate.b:
    androidx.savedstate.SavedStateRegistry getSavedStateRegistry() -> i